2018-08-04 15:52:12,382 INFO (StartupInfoLogger.java:50)- Starting PcProjectApplication on YIF201801230857 with PID 6140 (D:\eclipse-jee-oxygen-3a-win32-x86_64\workspace2\pcProject\target\classes started by Administrator in D:\eclipse-jee-oxygen-3a-win32-x86_64\workspace2\pcProject)
2018-08-04 15:52:12,383 DEBUG (StartupInfoLogger.java:53)- Running with Spring Boot v2.0.4.RELEASE, Spring v5.0.8.RELEASE
2018-08-04 15:52:12,384 INFO (SpringApplication.java:662)- No active profile set, falling back to default profiles: default
2018-08-04 15:53:38,302 INFO (StartupInfoLogger.java:50)- Starting PcProjectApplication on YIF201801230857 with PID 4680 (D:\eclipse-jee-oxygen-3a-win32-x86_64\workspace2\pcProject\target\classes started by Administrator in D:\eclipse-jee-oxygen-3a-win32-x86_64\workspace2\pcProject)
2018-08-04 15:53:38,303 DEBUG (StartupInfoLogger.java:53)- Running with Spring Boot v2.0.4.RELEASE, Spring v5.0.8.RELEASE
2018-08-04 15:53:38,304 INFO (SpringApplication.java:662)- No active profile set, falling back to default profiles: default
2018-08-04 15:53:42,044 INFO (StartupInfoLogger.java:59)- Started PcProjectApplication in 4.112 seconds (JVM running for 4.493)
2018-08-04 19:56:04,095 INFO (StartupInfoLogger.java:50)- Starting PcProjectApplication on CX--20180422YQO with PID 1820 (D:\develop\workspace2\FirstProject\target\classes started by Administrator in D:\develop\workspace2\FirstProject)
2018-08-04 19:56:04,104 DEBUG (StartupInfoLogger.java:53)- Running with Spring Boot v2.0.4.RELEASE, Spring v5.0.8.RELEASE
2018-08-04 19:56:04,108 INFO (SpringApplication.java:662)- No active profile set, falling back to default profiles: default
2018-08-04 19:56:22,592 INFO (StartupInfoLogger.java:59)- Started PcProjectApplication in 20.99 seconds (JVM running for 22.97)
2018-08-04 19:56:57,727 DEBUG (SecurityAction.java:56)- 登录了
2018-08-04 19:56:59,440 DEBUG (SecurityAction.java:56)- 登录了
2018-08-04 19:57:32,650 DEBUG (SecurityAction.java:56)- 登录了
2018-08-04 19:57:32,732 DEBUG (SecurityAction.java:56)- 登录了
2018-08-04 20:01:53,693 INFO (StartupInfoLogger.java:50)- Starting PcProjectApplication on CX--20180422YQO with PID 5600 (D:\develop\workspace2\FirstProject\target\classes started by Administrator in D:\develop\workspace2\FirstProject)
2018-08-04 20:01:53,705 DEBUG (StartupInfoLogger.java:53)- Running with Spring Boot v2.0.4.RELEASE, Spring v5.0.8.RELEASE
2018-08-04 20:01:53,710 INFO (SpringApplication.java:662)- No active profile set, falling back to default profiles: default
2018-08-04 20:02:12,179 INFO (StartupInfoLogger.java:59)- Started PcProjectApplication in 19.92 seconds (JVM running for 20.806)
2018-08-04 20:02:19,863 DEBUG (SecurityAction.java:56)- 登录了
2018-08-04 20:02:20,728 DEBUG (SecurityAction.java:56)- 登录了
2018-08-04 20:03:28,573 INFO (StartupInfoLogger.java:50)- Starting PcProjectApplication on CX--20180422YQO with PID 6076 (D:\develop\workspace2\FirstProject\target\classes started by Administrator in D:\develop\workspace2\FirstProject)
2018-08-04 20:03:28,583 DEBUG (StartupInfoLogger.java:53)- Running with Spring Boot v2.0.4.RELEASE, Spring v5.0.8.RELEASE
2018-08-04 20:03:28,587 INFO (SpringApplication.java:662)- No active profile set, falling back to default profiles: default
2018-08-04 20:03:46,797 INFO (StartupInfoLogger.java:59)- Started PcProjectApplication in 20.171 seconds (JVM running for 21.863)
2018-08-04 20:04:06,659 DEBUG (SecurityAction.java:57)- 登录了
2018-08-04 20:04:08,097 DEBUG (SecurityAction.java:57)- 登录了
2018-08-04 20:04:42,176 DEBUG (SecurityAction.java:57)- 登录了
2018-08-04 20:04:42,539 DEBUG (SecurityAction.java:57)- 登录了
2018-08-04 20:04:53,788 DEBUG (SecurityAction.java:57)- 登录了
2018-08-04 20:04:53,957 DEBUG (SecurityAction.java:57)- 登录了
2018-08-04 20:05:28,044 DEBUG (SecurityAction.java:57)- 登录了
2018-08-04 20:06:01,376 INFO (StartupInfoLogger.java:50)- Starting PcProjectApplication on CX--20180422YQO with PID 2036 (D:\develop\workspace2\FirstProject\target\classes started by Administrator in D:\develop\workspace2\FirstProject)
2018-08-04 20:06:01,388 DEBUG (StartupInfoLogger.java:53)- Running with Spring Boot v2.0.4.RELEASE, Spring v5.0.8.RELEASE
2018-08-04 20:06:01,394 INFO (SpringApplication.java:662)- No active profile set, falling back to default profiles: default
2018-08-04 20:06:23,585 INFO (StartupInfoLogger.java:59)- Started PcProjectApplication in 24.275 seconds (JVM running for 26.19)
2018-08-04 20:06:30,961 DEBUG (SecurityAction.java:57)- 登录了
2018-08-04 20:06:49,766 DEBUG (SecurityAction.java:57)- 登录了
2018-08-04 20:08:27,493 INFO (StartupInfoLogger.java:50)- Starting PcProjectApplication on CX--20180422YQO with PID 5348 (D:\develop\workspace2\FirstProject\target\classes started by Administrator in D:\develop\workspace2\FirstProject)
2018-08-04 20:08:27,511 DEBUG (StartupInfoLogger.java:53)- Running with Spring Boot v2.0.4.RELEASE, Spring v5.0.8.RELEASE
2018-08-04 20:08:27,516 INFO (SpringApplication.java:662)- No active profile set, falling back to default profiles: default
2018-08-04 20:08:47,072 INFO (StartupInfoLogger.java:59)- Started PcProjectApplication in 20.853 seconds (JVM running for 23.738)
2018-08-04 20:15:11,211 INFO (StartupInfoLogger.java:50)- Starting PcProjectApplication on CX--20180422YQO with PID 6972 (D:\develop\workspace2\FirstProject\target\classes started by Administrator in D:\develop\workspace2\FirstProject)
2018-08-04 20:15:11,221 DEBUG (StartupInfoLogger.java:53)- Running with Spring Boot v2.0.4.RELEASE, Spring v5.0.8.RELEASE
2018-08-04 20:15:11,226 INFO (SpringApplication.java:662)- No active profile set, falling back to default profiles: default
2018-08-04 20:15:30,776 INFO (StartupInfoLogger.java:59)- Started PcProjectApplication in 20.614 seconds (JVM running for 21.523)
2018-08-04 20:15:37,296 DEBUG (SecurityAction.java:57)- 登录了
2018-08-04 20:15:38,336 DEBUG (SecurityAction.java:57)- 登录了
2018-08-04 20:15:38,343 DEBUG (SecurityAction.java:57)- 登录了
2018-08-04 20:15:58,471 DEBUG (SecurityAction.java:57)- 登录了
2018-08-04 20:16:01,135 DEBUG (SecurityAction.java:57)- 登录了
2018-08-04 20:17:20,304 DEBUG (SecurityAction.java:57)- 登录了
2018-08-04 20:17:27,737 DEBUG (SecurityAction.java:57)- 登录了
2018-08-04 20:17:56,044 DEBUG (SecurityAction.java:57)- 登录了
2018-08-04 20:18:28,846 INFO (StartupInfoLogger.java:50)- Starting PcProjectApplication on CX--20180422YQO with PID 3888 (D:\develop\workspace2\FirstProject\target\classes started by Administrator in D:\develop\workspace2\FirstProject)
2018-08-04 20:18:28,946 DEBUG (StartupInfoLogger.java:53)- Running with Spring Boot v2.0.4.RELEASE, Spring v5.0.8.RELEASE
2018-08-04 20:18:28,952 INFO (SpringApplication.java:662)- No active profile set, falling back to default profiles: default
2018-08-04 20:18:53,957 INFO (StartupInfoLogger.java:59)- Started PcProjectApplication in 29.946 seconds (JVM running for 32.123)
2018-08-04 20:19:58,265 DEBUG (SecurityAction.java:57)- 登录了
2018-08-04 20:20:18,211 DEBUG (SecurityAction.java:57)- 登录了
2018-08-04 20:20:52,334 DEBUG (SecurityAction.java:57)- 登录了
2018-08-04 20:21:22,785 INFO (StartupInfoLogger.java:50)- Starting PcProjectApplication on CX--20180422YQO with PID 7100 (D:\develop\workspace2\FirstProject\target\classes started by Administrator in D:\develop\workspace2\FirstProject)
2018-08-04 20:21:22,901 DEBUG (StartupInfoLogger.java:53)- Running with Spring Boot v2.0.4.RELEASE, Spring v5.0.8.RELEASE
2018-08-04 20:21:22,959 INFO (SpringApplication.java:662)- No active profile set, falling back to default profiles: default
2018-08-04 20:21:46,907 INFO (StartupInfoLogger.java:59)- Started PcProjectApplication in 27.645 seconds (JVM running for 31.28)
2018-08-04 20:22:06,013 DEBUG (SecurityAction.java:57)- 登录了
2018-08-04 20:22:56,294 INFO (StartupInfoLogger.java:50)- Starting PcProjectApplication on CX--20180422YQO with PID 5268 (D:\develop\workspace2\FirstProject\target\classes started by Administrator in D:\develop\workspace2\FirstProject)
2018-08-04 20:22:56,322 DEBUG (StartupInfoLogger.java:53)- Running with Spring Boot v2.0.4.RELEASE, Spring v5.0.8.RELEASE
2018-08-04 20:22:56,335 INFO (SpringApplication.java:662)- No active profile set, falling back to default profiles: default
2018-08-04 20:23:16,181 INFO (StartupInfoLogger.java:59)- Started PcProjectApplication in 21.095 seconds (JVM running for 22.097)
2018-08-04 20:23:36,484 DEBUG (BaseJdbcLogger.java:159)- ==>  Preparing: SELECT u.*,r.*,p.* FROM user u inner join user_role ur ON ur.uid = u.uid INNER JOIN role r ON r.rid = ur.rid INNER JOIN permission_role pr ON pr.rid = r.rid INNER JOIN permission p ON p.pid = pr.pid WHERE u.username = ? 
2018-08-04 20:23:37,094 DEBUG (BaseJdbcLogger.java:159)- ==> Parameters: demo(String)
2018-08-04 20:23:37,193 DEBUG (BaseJdbcLogger.java:159)- <==      Total: 2
2018-08-04 20:24:35,152 DEBUG (SecurityAction.java:57)- 登录了
2018-08-04 20:28:08,959 DEBUG (SecurityAction.java:57)- 登录了
2018-08-04 20:28:09,284 DEBUG (SecurityAction.java:57)- 登录了
2018-08-04 20:28:13,321 DEBUG (SecurityAction.java:57)- 登录了
2018-08-04 20:28:13,490 DEBUG (SecurityAction.java:57)- 登录了
2018-08-04 20:28:20,177 DEBUG (SecurityAction.java:57)- 登录了
2018-08-04 20:28:23,292 DEBUG (SecurityAction.java:57)- 登录了
2018-08-04 20:28:33,619 DEBUG (BaseJdbcLogger.java:159)- ==>  Preparing: SELECT u.*,r.*,p.* FROM user u inner join user_role ur ON ur.uid = u.uid INNER JOIN role r ON r.rid = ur.rid INNER JOIN permission_role pr ON pr.rid = r.rid INNER JOIN permission p ON p.pid = pr.pid WHERE u.username = ? 
2018-08-04 20:28:33,620 DEBUG (BaseJdbcLogger.java:159)- ==> Parameters: demo(String)
2018-08-04 20:28:33,626 DEBUG (BaseJdbcLogger.java:159)- <==      Total: 2
2018-08-04 20:28:56,697 DEBUG (SecurityAction.java:57)- 登录了
2018-08-04 20:29:36,797 DEBUG (SecurityAction.java:57)- 登录了
2018-08-06 15:01:40,707 INFO (SpringApplication.java:662)- No active profile set, falling back to default profiles: default
2018-08-06 15:02:22,944 INFO (SpringApplication.java:662)- No active profile set, falling back to default profiles: default
2018-08-06 15:03:04,571 INFO (SpringApplication.java:662)- No active profile set, falling back to default profiles: default
2018-08-06 15:03:08,575 INFO (StartupInfoLogger.java:59)- Started PcProjectApplication in 6.103 seconds (JVM running for 6.487)
2018-08-06 15:03:46,562 DEBUG (SecurityAction.java:59)- 登录了
2018-08-06 15:03:58,278 DEBUG (SecurityAction.java:59)- 登录了
2018-08-06 15:04:05,211 DEBUG (SecurityAction.java:59)- 登录了
2018-08-06 15:04:05,281 DEBUG (SecurityAction.java:59)- 登录了
2018-08-06 15:04:11,427 DEBUG (BaseJdbcLogger.java:159)- ==>  Preparing: SELECT u.*,r.*,p.* FROM user u inner join user_role ur ON ur.uid = u.uid INNER JOIN role r ON r.rid = ur.rid INNER JOIN permission_role pr ON pr.rid = r.rid INNER JOIN permission p ON p.pid = pr.pid WHERE u.username = ? 
2018-08-06 15:04:11,657 DEBUG (BaseJdbcLogger.java:159)- ==> Parameters: demo(String)
2018-08-06 15:04:11,945 DEBUG (SecurityAction.java:59)- 登录了
2018-08-06 15:04:18,369 DEBUG (SecurityAction.java:59)- 登录了
2018-08-06 15:04:22,654 DEBUG (SecurityAction.java:59)- 登录了
2018-08-06 15:04:22,722 DEBUG (SecurityAction.java:59)- 登录了
2018-08-06 15:12:31,948 INFO (SpringApplication.java:662)- No active profile set, falling back to default profiles: default
2018-08-06 15:12:38,168 INFO (StartupInfoLogger.java:59)- Started PcProjectApplication in 8.356 seconds (JVM running for 8.78)
2018-08-06 15:57:09,872 INFO (SpringApplication.java:662)- No active profile set, falling back to default profiles: default
2018-08-06 15:57:15,533 INFO (StartupInfoLogger.java:59)- Started PcProjectApplication in 7.856 seconds (JVM running for 8.32)
2018-08-06 16:02:57,751 INFO (SpringApplication.java:662)- No active profile set, falling back to default profiles: default
2018-08-06 16:03:02,836 INFO (StartupInfoLogger.java:59)- Started PcProjectApplication in 7.157 seconds (JVM running for 7.592)
2018-08-06 16:03:15,062 DEBUG (SecurityAction.java:59)- 登录了
2018-08-06 16:03:15,900 DEBUG (SecurityAction.java:59)- 登录了
2018-08-06 16:04:49,428 DEBUG (BaseJdbcLogger.java:159)- ==>  Preparing: SELECT u.*,r.*,p.* FROM user u inner join user_role ur ON ur.uid = u.uid INNER JOIN role r ON r.rid = ur.rid INNER JOIN permission_role pr ON pr.rid = r.rid INNER JOIN permission p ON p.pid = pr.pid WHERE u.username = ? 
2018-08-06 16:04:49,583 DEBUG (BaseJdbcLogger.java:159)- ==> Parameters: demo(String)
2018-08-06 16:04:49,716 DEBUG (SecurityAction.java:59)- 登录了
2018-08-06 16:05:07,394 DEBUG (SecurityAction.java:59)- 登录了
2018-08-06 16:05:11,693 DEBUG (SecurityAction.java:59)- 登录了
2018-08-06 16:05:18,355 DEBUG (BaseJdbcLogger.java:159)- ==>  Preparing: SELECT u.*,r.*,p.* FROM user u inner join user_role ur ON ur.uid = u.uid INNER JOIN role r ON r.rid = ur.rid INNER JOIN permission_role pr ON pr.rid = r.rid INNER JOIN permission p ON p.pid = pr.pid WHERE u.username = ? 
2018-08-06 16:05:18,356 DEBUG (BaseJdbcLogger.java:159)- ==> Parameters: demo(String)
2018-08-06 16:05:18,410 DEBUG (SecurityAction.java:59)- 登录了
2018-08-06 16:05:20,937 DEBUG (SecurityAction.java:59)- 登录了
2018-08-06 16:05:21,752 DEBUG (BaseJdbcLogger.java:159)- ==>  Preparing: SELECT u.*,r.*,p.* FROM user u inner join user_role ur ON ur.uid = u.uid INNER JOIN role r ON r.rid = ur.rid INNER JOIN permission_role pr ON pr.rid = r.rid INNER JOIN permission p ON p.pid = pr.pid WHERE u.username = ? 
2018-08-06 16:05:21,755 DEBUG (BaseJdbcLogger.java:159)- ==> Parameters: demo(String)
2018-08-06 16:05:21,823 DEBUG (SecurityAction.java:59)- 登录了
2018-08-06 16:05:22,922 DEBUG (SecurityAction.java:59)- 登录了
2018-08-06 16:05:23,662 DEBUG (BaseJdbcLogger.java:159)- ==>  Preparing: SELECT u.*,r.*,p.* FROM user u inner join user_role ur ON ur.uid = u.uid INNER JOIN role r ON r.rid = ur.rid INNER JOIN permission_role pr ON pr.rid = r.rid INNER JOIN permission p ON p.pid = pr.pid WHERE u.username = ? 
2018-08-06 16:05:23,665 DEBUG (BaseJdbcLogger.java:159)- ==> Parameters: demo(String)
2018-08-06 16:05:23,739 DEBUG (SecurityAction.java:59)- 登录了
2018-08-06 16:05:25,085 DEBUG (SecurityAction.java:59)- 登录了
2018-08-06 16:05:25,691 DEBUG (BaseJdbcLogger.java:159)- ==>  Preparing: SELECT u.*,r.*,p.* FROM user u inner join user_role ur ON ur.uid = u.uid INNER JOIN role r ON r.rid = ur.rid INNER JOIN permission_role pr ON pr.rid = r.rid INNER JOIN permission p ON p.pid = pr.pid WHERE u.username = ? 
2018-08-06 16:05:25,694 DEBUG (BaseJdbcLogger.java:159)- ==> Parameters: demo(String)
2018-08-06 16:05:25,751 DEBUG (SecurityAction.java:59)- 登录了
2018-08-06 16:05:27,392 DEBUG (SecurityAction.java:59)- 登录了
2018-08-06 16:05:28,157 DEBUG (BaseJdbcLogger.java:159)- ==>  Preparing: SELECT u.*,r.*,p.* FROM user u inner join user_role ur ON ur.uid = u.uid INNER JOIN role r ON r.rid = ur.rid INNER JOIN permission_role pr ON pr.rid = r.rid INNER JOIN permission p ON p.pid = pr.pid WHERE u.username = ? 
2018-08-06 16:05:28,160 DEBUG (BaseJdbcLogger.java:159)- ==> Parameters: demo(String)
2018-08-06 16:05:28,279 DEBUG (SecurityAction.java:59)- 登录了
2018-08-06 16:05:47,358 DEBUG (SecurityAction.java:59)- 登录了
2018-08-06 16:05:47,411 DEBUG (SecurityAction.java:59)- 登录了
2018-08-06 16:05:59,125 DEBUG (BaseJdbcLogger.java:159)- ==>  Preparing: SELECT u.*,r.*,p.* FROM user u inner join user_role ur ON ur.uid = u.uid INNER JOIN role r ON r.rid = ur.rid INNER JOIN permission_role pr ON pr.rid = r.rid INNER JOIN permission p ON p.pid = pr.pid WHERE u.username = ? 
2018-08-06 16:05:59,127 DEBUG (BaseJdbcLogger.java:159)- ==> Parameters: demo(String)
2018-08-06 16:05:59,184 DEBUG (SecurityAction.java:59)- 登录了
2018-08-06 16:06:36,452 INFO (SpringApplication.java:662)- No active profile set, falling back to default profiles: default
2018-08-06 16:06:42,833 INFO (StartupInfoLogger.java:59)- Started PcProjectApplication in 8.71 seconds (JVM running for 9.755)
2018-08-06 16:07:34,750 DEBUG (SecurityAction.java:59)- 登录了
2018-08-06 16:07:35,156 DEBUG (SecurityAction.java:59)- 登录了
2018-08-06 16:07:42,822 DEBUG (BaseJdbcLogger.java:159)- ==>  Preparing: SELECT u.*,r.*,p.* FROM user u inner join user_role ur ON ur.uid = u.uid INNER JOIN role r ON r.rid = ur.rid INNER JOIN permission_role pr ON pr.rid = r.rid INNER JOIN permission p ON p.pid = pr.pid WHERE u.username = ? 
2018-08-06 16:07:47,215 DEBUG (BaseJdbcLogger.java:159)- ==> Parameters: demo(String)
2018-08-06 16:07:51,220 DEBUG (SecurityAction.java:59)- 登录了
2018-08-06 16:07:56,765 DEBUG (SecurityAction.java:59)- 登录了
2018-08-06 16:08:01,714 DEBUG (BaseJdbcLogger.java:159)- ==>  Preparing: SELECT u.*,r.*,p.* FROM user u inner join user_role ur ON ur.uid = u.uid INNER JOIN role r ON r.rid = ur.rid INNER JOIN permission_role pr ON pr.rid = r.rid INNER JOIN permission p ON p.pid = pr.pid WHERE u.username = ? 
2018-08-06 16:08:01,736 DEBUG (BaseJdbcLogger.java:159)- ==> Parameters: demo(String)
2018-08-06 16:09:55,570 DEBUG (BaseJdbcLogger.java:159)- ==>  Preparing: SELECT u.*,r.*,p.* FROM user u inner join user_role ur ON ur.uid = u.uid INNER JOIN role r ON r.rid = ur.rid INNER JOIN permission_role pr ON pr.rid = r.rid INNER JOIN permission p ON p.pid = pr.pid WHERE u.username = ? 
2018-08-06 16:09:55,590 DEBUG (BaseJdbcLogger.java:159)- ==> Parameters: demo(String)
2018-08-06 16:10:07,578 DEBUG (SecurityAction.java:59)- 登录了
2018-08-06 16:10:10,623 DEBUG (SecurityAction.java:59)- 登录了
2018-08-06 16:10:48,202 DEBUG (BaseJdbcLogger.java:159)- ==>  Preparing: SELECT u.*,r.*,p.* FROM user u inner join user_role ur ON ur.uid = u.uid INNER JOIN role r ON r.rid = ur.rid INNER JOIN permission_role pr ON pr.rid = r.rid INNER JOIN permission p ON p.pid = pr.pid WHERE u.username = ? 
2018-08-06 16:10:48,218 DEBUG (BaseJdbcLogger.java:159)- ==> Parameters: demo(String)
2018-08-06 16:10:55,084 DEBUG (SecurityAction.java:59)- 登录了
2018-08-06 16:11:10,158 DEBUG (SecurityAction.java:59)- 登录了
2018-08-06 16:11:24,844 DEBUG (BaseJdbcLogger.java:159)- ==>  Preparing: SELECT u.*,r.*,p.* FROM user u inner join user_role ur ON ur.uid = u.uid INNER JOIN role r ON r.rid = ur.rid INNER JOIN permission_role pr ON pr.rid = r.rid INNER JOIN permission p ON p.pid = pr.pid WHERE u.username = ? 
2018-08-06 16:11:24,917 DEBUG (BaseJdbcLogger.java:159)- ==> Parameters: demo(String)
2018-08-06 16:11:39,884 DEBUG (SecurityAction.java:59)- 登录了
2018-08-06 16:15:39,330 INFO (SpringApplication.java:662)- No active profile set, falling back to default profiles: default
2018-08-06 16:15:44,489 INFO (StartupInfoLogger.java:59)- Started PcProjectApplication in 7.271 seconds (JVM running for 7.711)
2018-08-06 16:17:45,714 DEBUG (BaseJdbcLogger.java:159)- ==>  Preparing: SELECT u.*,r.*,p.* FROM user u inner join user_role ur ON ur.uid = u.uid INNER JOIN role r ON r.rid = ur.rid INNER JOIN permission_role pr ON pr.rid = r.rid INNER JOIN permission p ON p.pid = pr.pid WHERE u.username = ? 
2018-08-06 16:17:45,892 DEBUG (BaseJdbcLogger.java:159)- ==> Parameters: demo(String)
2018-08-06 16:20:47,462 DEBUG (BaseJdbcLogger.java:159)- ==>  Preparing: SELECT u.*,r.*,p.* FROM user u inner join user_role ur ON ur.uid = u.uid INNER JOIN role r ON r.rid = ur.rid INNER JOIN permission_role pr ON pr.rid = r.rid INNER JOIN permission p ON p.pid = pr.pid WHERE u.username = ? 
2018-08-06 16:20:47,463 DEBUG (BaseJdbcLogger.java:159)- ==> Parameters: demo(String)
2018-08-06 16:20:47,626 DEBUG (BaseJdbcLogger.java:159)- <==      Total: 2
2018-08-06 16:22:06,142 DEBUG (BaseJdbcLogger.java:159)- ==>  Preparing: SELECT u.*,r.*,p.* FROM user u inner join user_role ur ON ur.uid = u.uid INNER JOIN role r ON r.rid = ur.rid INNER JOIN permission_role pr ON pr.rid = r.rid INNER JOIN permission p ON p.pid = pr.pid WHERE u.username = ? 
2018-08-06 16:22:06,143 DEBUG (BaseJdbcLogger.java:159)- ==> Parameters: demo(String)
2018-08-06 16:22:06,146 DEBUG (BaseJdbcLogger.java:159)- <==      Total: 2
2018-08-06 16:22:37,758 INFO (SpringApplication.java:662)- No active profile set, falling back to default profiles: default
2018-08-06 16:22:43,192 INFO (StartupInfoLogger.java:59)- Started PcProjectApplication in 7.586 seconds (JVM running for 8.023)
2018-08-06 16:23:31,694 INFO (SpringApplication.java:662)- No active profile set, falling back to default profiles: default
2018-08-06 16:23:36,927 INFO (StartupInfoLogger.java:59)- Started PcProjectApplication in 7.481 seconds (JVM running for 7.906)
2018-08-06 16:23:43,132 DEBUG (SecurityAction.java:59)- 登录了
2018-08-06 16:23:43,610 DEBUG (SecurityAction.java:59)- 登录了
2018-08-06 16:23:44,560 DEBUG (BaseJdbcLogger.java:159)- ==>  Preparing: SELECT u.*,r.*,p.* FROM user u inner join user_role ur ON ur.uid = u.uid INNER JOIN role r ON r.rid = ur.rid INNER JOIN permission_role pr ON pr.rid = r.rid INNER JOIN permission p ON p.pid = pr.pid WHERE u.username = ? 
2018-08-06 16:23:44,716 DEBUG (BaseJdbcLogger.java:159)- ==> Parameters: demo(String)
2018-08-06 16:23:44,739 DEBUG (BaseJdbcLogger.java:159)- <==      Total: 2
